d:\김태윤\4개월차\87기\framework87\client\debug\client.pch
d:\김태윤\4개월차\87기\framework87\client\debug\vc140.pdb
d:\김태윤\4개월차\87기\framework87\client\debug\vc140.idb
d:\김태윤\4개월차\87기\framework87\client\debug\stdafx.obj
d:\김태윤\4개월차\87기\framework87\client\debug\client.obj
d:\김태윤\4개월차\87기\framework87\client\debug\device.obj
d:\김태윤\4개월차\87기\framework87\client\debug\maingame.obj
d:\김태윤\4개월차\87기\framework87\client\debug\multitexture.obj
d:\김태윤\4개월차\87기\framework87\client\debug\obj.obj
d:\김태윤\4개월차\87기\framework87\client\debug\objmgr.obj
d:\김태윤\4개월차\87기\framework87\client\debug\scene.obj
d:\김태윤\4개월차\87기\framework87\client\debug\scenemgr.obj
d:\김태윤\4개월차\87기\framework87\client\debug\scrollmgr.obj
d:\김태윤\4개월차\87기\framework87\client\debug\singletexture.obj
d:\김태윤\4개월차\87기\framework87\client\debug\stage.obj
d:\김태윤\4개월차\87기\framework87\client\debug\terrain.obj
d:\김태윤\4개월차\87기\framework87\client\debug\texture.obj
d:\김태윤\4개월차\87기\framework87\client\debug\texturemgr.obj
d:\김태윤\4개월차\87기\framework87\client\debug\timemgr.obj
d:\김태윤\4개월차\87기\framework87\client\debug\player.obj
d:\김태윤\4개월차\87기\framework87\debug\client.ilk
d:\김태윤\4개월차\87기\framework87\debug\client.exe
d:\김태윤\4개월차\87기\framework87\debug\client.pdb
d:\김태윤\4개월차\87기\framework87\client\debug\client.res
d:\김태윤\4개월차\87기\framework87\client\debug\client.tlog\cl.command.1.tlog
d:\김태윤\4개월차\87기\framework87\client\debug\client.tlog\cl.read.1.tlog
d:\김태윤\4개월차\87기\framework87\client\debug\client.tlog\cl.write.1.tlog
d:\김태윤\4개월차\87기\framework87\client\debug\client.tlog\link.command.1.tlog
d:\김태윤\4개월차\87기\framework87\client\debug\client.tlog\link.read.1.tlog
d:\김태윤\4개월차\87기\framework87\client\debug\client.tlog\link.write.1.tlog
d:\김태윤\4개월차\87기\framework87\client\debug\client.tlog\rc.command.1.tlog
d:\김태윤\4개월차\87기\framework87\client\debug\client.tlog\rc.read.1.tlog
d:\김태윤\4개월차\87기\framework87\client\debug\client.tlog\rc.write.1.tlog
