c:\users\박진우\desktop\졸작 자료들\framework\framework_mordeo\client\release\mordeo.pch
c:\users\박진우\desktop\졸작 자료들\framework\framework_mordeo\client\release\vc141.pdb
c:\users\박진우\desktop\졸작 자료들\framework\framework_mordeo\client\release\stdafx.obj
c:\users\박진우\desktop\졸작 자료들\framework\framework_mordeo\client\release\mouse.obj
c:\users\박진우\desktop\졸작 자료들\framework\framework_mordeo\client\release\maingame.obj
c:\users\박진우\desktop\졸작 자료들\framework\framework_mordeo\client\release\login.obj
c:\users\박진우\desktop\졸작 자료들\framework\framework_mordeo\client\release\linemgr.obj
c:\users\박진우\desktop\졸작 자료들\framework\framework_mordeo\client\release\line.obj
c:\users\박진우\desktop\졸작 자료들\framework\framework_mordeo\client\release\keymgr.obj
c:\users\박진우\desktop\졸작 자료들\framework\framework_mordeo\client\release\hpbar.obj
c:\users\박진우\desktop\졸작 자료들\framework\framework_mordeo\client\release\frontlayer.obj
c:\users\박진우\desktop\졸작 자료들\framework\framework_mordeo\client\release\firstlayer.obj
c:\users\박진우\desktop\졸작 자료들\framework\framework_mordeo\client\release\effectimp.obj
c:\users\박진우\desktop\졸작 자료들\framework\framework_mordeo\client\release\effect.obj
c:\users\박진우\desktop\졸작 자료들\framework\framework_mordeo\client\release\device.obj
c:\users\박진우\desktop\졸작 자료들\framework\framework_mordeo\client\release\datasubject.obj
c:\users\박진우\desktop\졸작 자료들\framework\framework_mordeo\client\release\collisionmgr.obj
c:\users\박진우\desktop\졸작 자료들\framework\framework_mordeo\client\release\client.obj
c:\users\박진우\desktop\졸작 자료들\framework\framework_mordeo\client\release\camera.obj
c:\users\박진우\desktop\졸작 자료들\framework\framework_mordeo\client\release\button.obj
c:\users\박진우\desktop\졸작 자료들\framework\framework_mordeo\client\release\buffeffect.obj
c:\users\박진우\desktop\졸작 자료들\framework\framework_mordeo\client\release\backlayer.obj
c:\users\박진우\desktop\졸작 자료들\framework\framework_mordeo\client\release\animeffect.obj
c:\users\박진우\desktop\졸작 자료들\framework\framework_mordeo\client\release\texture.obj
c:\users\박진우\desktop\졸작 자료들\framework\framework_mordeo\client\release\terrain.obj
c:\users\박진우\desktop\졸작 자료들\framework\framework_mordeo\client\release\subject.obj
c:\users\박진우\desktop\졸작 자료들\framework\framework_mordeo\client\release\stage1_boss.obj
c:\users\박진우\desktop\졸작 자료들\framework\framework_mordeo\client\release\stage1_3.obj
c:\users\박진우\desktop\졸작 자료들\framework\framework_mordeo\client\release\stage1_2.obj
c:\users\박진우\desktop\졸작 자료들\framework\framework_mordeo\client\release\stage1_1.obj
c:\users\박진우\desktop\졸작 자료들\framework\framework_mordeo\client\release\stage.obj
c:\users\박진우\desktop\졸작 자료들\framework\framework_mordeo\client\release\singletexture.obj
c:\users\박진우\desktop\졸작 자료들\framework\framework_mordeo\client\release\secondlayer.obj
c:\users\박진우\desktop\졸작 자료들\framework\framework_mordeo\client\release\scrollmgr.obj
c:\users\박진우\desktop\졸작 자료들\framework\framework_mordeo\client\release\scenemgr.obj
c:\users\박진우\desktop\졸작 자료들\framework\framework_mordeo\client\release\scene.obj
c:\users\박진우\desktop\졸작 자료들\framework\framework_mordeo\client\release\player.obj
c:\users\박진우\desktop\졸작 자료들\framework\framework_mordeo\client\release\observer.obj
c:\users\박진우\desktop\졸작 자료들\framework\framework_mordeo\client\release\objmgr.obj
c:\users\박진우\desktop\졸작 자료들\framework\framework_mordeo\client\release\obj.obj
c:\users\박진우\desktop\졸작 자료들\framework\framework_mordeo\client\release\nonanimeffect.obj
c:\users\박진우\desktop\졸작 자료들\framework\framework_mordeo\client\release\multitexture.obj
c:\users\박진우\desktop\졸작 자료들\framework\framework_mordeo\client\release\mpbar.obj
c:\users\박진우\desktop\졸작 자료들\framework\framework_mordeo\client\release\userinterface.obj
c:\users\박진우\desktop\졸작 자료들\framework\framework_mordeo\client\release\uiobserver.obj
c:\users\박진우\desktop\졸작 자료들\framework\framework_mordeo\client\release\tutorialscene.obj
c:\users\박진우\desktop\졸작 자료들\framework\framework_mordeo\client\release\timemgr.obj
c:\users\박진우\desktop\졸작 자료들\framework\framework_mordeo\client\release\texturemgr.obj
c:\users\박진우\desktop\framework_mordeo (200512)\client\release\mordeo.pch
c:\users\박진우\desktop\framework_mordeo (200512)\client\release\vc141.pdb
c:\users\박진우\desktop\framework_mordeo (200512)\client\release\stdafx.obj
c:\users\박진우\desktop\framework_mordeo (200512)\client\release\dia_matikalayer.obj
c:\users\박진우\desktop\framework_mordeo (200512)\client\release\dia_leolayer.obj
c:\users\박진우\desktop\framework_mordeo (200512)\client\release\dia_ironwindow.obj
c:\users\박진우\desktop\framework_mordeo (200512)\client\release\dia_dialogbox.obj
c:\users\박진우\desktop\framework_mordeo (200512)\client\release\dialogscene.obj
c:\users\박진우\desktop\framework_mordeo (200512)\client\release\device.obj
c:\users\박진우\desktop\framework_mordeo (200512)\client\release\datasubject.obj
c:\users\박진우\desktop\framework_mordeo (200512)\client\release\cuttoon.obj
c:\users\박진우\desktop\framework_mordeo (200512)\client\release\cstagecamera.obj
c:\users\박진우\desktop\framework_mordeo (200512)\client\release\collisionmgr.obj
c:\users\박진우\desktop\framework_mordeo (200512)\client\release\client.obj
c:\users\박진우\desktop\framework_mordeo (200512)\client\release\camera.obj
c:\users\박진우\desktop\framework_mordeo (200512)\client\release\button.obj
c:\users\박진우\desktop\framework_mordeo (200512)\client\release\buffeffect.obj
c:\users\박진우\desktop\framework_mordeo (200512)\client\release\bossattackcollider.obj
c:\users\박진우\desktop\framework_mordeo (200512)\client\release\backlight.obj
c:\users\박진우\desktop\framework_mordeo (200512)\client\release\backlayer.obj
c:\users\박진우\desktop\framework_mordeo (200512)\client\release\attackcollider.obj
c:\users\박진우\desktop\framework_mordeo (200512)\client\release\animeffect.obj
c:\users\박진우\desktop\framework_mordeo (200512)\client\release\bossfrontlayer.obj
c:\users\박진우\desktop\framework_mordeo (200512)\client\release\monster3.obj
c:\users\박진우\desktop\framework_mordeo (200512)\client\release\monster2.obj
c:\users\박진우\desktop\framework_mordeo (200512)\client\release\monster1.obj
c:\users\박진우\desktop\framework_mordeo (200512)\client\release\maingame.obj
c:\users\박진우\desktop\framework_mordeo (200512)\client\release\login.obj
c:\users\박진우\desktop\framework_mordeo (200512)\client\release\linemgr.obj
c:\users\박진우\desktop\framework_mordeo (200512)\client\release\line.obj
c:\users\박진우\desktop\framework_mordeo (200512)\client\release\keymgr.obj
c:\users\박진우\desktop\framework_mordeo (200512)\client\release\item.obj
c:\users\박진우\desktop\framework_mordeo (200512)\client\release\inventory.obj
c:\users\박진우\desktop\framework_mordeo (200512)\client\release\invenicon.obj
c:\users\박진우\desktop\framework_mordeo (200512)\client\release\intro.obj
c:\users\박진우\desktop\framework_mordeo (200512)\client\release\hpbar.obj
c:\users\박진우\desktop\framework_mordeo (200512)\client\release\frontlayer.obj
c:\users\박진우\desktop\framework_mordeo (200512)\client\release\firstlayer.obj
c:\users\박진우\desktop\framework_mordeo (200512)\client\release\fade.obj
c:\users\박진우\desktop\framework_mordeo (200512)\client\release\effectimp.obj
c:\users\박진우\desktop\framework_mordeo (200512)\client\release\effect.obj
c:\users\박진우\desktop\framework_mordeo (200512)\client\release\dustlayer.obj
c:\users\박진우\desktop\framework_mordeo (200512)\client\release\door.obj
c:\users\박진우\desktop\framework_mordeo (200512)\client\release\stage1_3.obj
c:\users\박진우\desktop\framework_mordeo (200512)\client\release\stage1_2.obj
c:\users\박진우\desktop\framework_mordeo (200512)\client\release\stage1_1.obj
c:\users\박진우\desktop\framework_mordeo (200512)\client\release\stage.obj
c:\users\박진우\desktop\framework_mordeo (200512)\client\release\specialattackcollider.obj
c:\users\박진우\desktop\framework_mordeo (200512)\client\release\singletexture.obj
c:\users\박진우\desktop\framework_mordeo (200512)\client\release\settingicon.obj
c:\users\박진우\desktop\framework_mordeo (200512)\client\release\secondlayer.obj
c:\users\박진우\desktop\framework_mordeo (200512)\client\release\scrollmgr.obj
c:\users\박진우\desktop\framework_mordeo (200512)\client\release\scenemgr.obj
c:\users\박진우\desktop\framework_mordeo (200512)\client\release\scene.obj
c:\users\박진우\desktop\framework_mordeo (200512)\client\release\player.obj
c:\users\박진우\desktop\framework_mordeo (200512)\client\release\observer.obj
c:\users\박진우\desktop\framework_mordeo (200512)\client\release\objmgr.obj
c:\users\박진우\desktop\framework_mordeo (200512)\client\release\obj.obj
c:\users\박진우\desktop\framework_mordeo (200512)\client\release\nonanimeffect.obj
c:\users\박진우\desktop\framework_mordeo (200512)\client\release\multitexture.obj
c:\users\박진우\desktop\framework_mordeo (200512)\client\release\mpbarright.obj
c:\users\박진우\desktop\framework_mordeo (200512)\client\release\mpbar.obj
c:\users\박진우\desktop\framework_mordeo (200512)\client\release\mouse.obj
c:\users\박진우\desktop\framework_mordeo (200512)\client\release\userinterface.obj
c:\users\박진우\desktop\framework_mordeo (200512)\client\release\uiobserver.obj
c:\users\박진우\desktop\framework_mordeo (200512)\client\release\tutorialscene.obj
c:\users\박진우\desktop\framework_mordeo (200512)\client\release\tutorialdialog.obj
c:\users\박진우\desktop\framework_mordeo (200512)\client\release\timemgr.obj
c:\users\박진우\desktop\framework_mordeo (200512)\client\release\texturemgr.obj
c:\users\박진우\desktop\framework_mordeo (200512)\client\release\texture.obj
c:\users\박진우\desktop\framework_mordeo (200512)\client\release\terrain.obj
c:\users\박진우\desktop\framework_mordeo (200512)\client\release\subject.obj
c:\users\박진우\desktop\framework_mordeo (200512)\client\release\streetlight.obj
c:\users\박진우\desktop\framework_mordeo (200512)\client\release\stagecamera.obj
c:\users\박진우\desktop\framework_mordeo (200512)\client\release\stageboss.obj
c:\users\박진우\desktop\framework_mordeo (200512)\client\release\stage1_boss.obj
c:\users\박진우\desktop\졸작 자료들\framework\framework_mordeo\bin\mordeo.ipdb
c:\users\박진우\desktop\졸작 자료들\framework\framework_mordeo\bin\mordeo.iobj
c:\users\박진우\desktop\framework_mordeo (200512)\bin\mordeo.ipdb
c:\users\박진우\desktop\framework_mordeo (200512)\bin\mordeo.iobj
c:\users\박진우\desktop\졸작 자료들\framework\framework_mordeo\bin\mordeo.exe
c:\users\박진우\desktop\졸작 자료들\framework\framework_mordeo\bin\mordeo.pdb
c:\users\박진우\desktop\framework_mordeo (200512)\bin\mordeo.exe
c:\users\박진우\desktop\framework_mordeo (200512)\bin\mordeo.pdb
c:\users\박진우\desktop\졸작 자료들\framework\framework_mordeo\client\release\client.res
c:\users\박진우\desktop\framework_mordeo (200512)\client\release\client.res
c:\users\박진우\desktop\framework_mordeo (200512)\client\release\client.tlog\cl.command.1.tlog
c:\users\박진우\desktop\framework_mordeo (200512)\client\release\client.tlog\cl.read.1.tlog
c:\users\박진우\desktop\framework_mordeo (200512)\client\release\client.tlog\cl.write.1.tlog
c:\users\박진우\desktop\framework_mordeo (200512)\client\release\client.tlog\client.write.1u.tlog
c:\users\박진우\desktop\framework_mordeo (200512)\client\release\client.tlog\link.command.1.tlog
c:\users\박진우\desktop\framework_mordeo (200512)\client\release\client.tlog\link.read.1.tlog
c:\users\박진우\desktop\framework_mordeo (200512)\client\release\client.tlog\link.write.1.tlog
c:\users\박진우\desktop\framework_mordeo (200512)\client\release\client.tlog\rc.command.1.tlog
c:\users\박진우\desktop\framework_mordeo (200512)\client\release\client.tlog\rc.read.1.tlog
c:\users\박진우\desktop\framework_mordeo (200512)\client\release\client.tlog\rc.write.1.tlog
